Traceback (most recent call last):
  File "/home/dariusbarsony/anaconda3/envs/cue/lib/python3.9/site-packages/jupyter_cache/executors/utils.py", line 58, in single_nb_execution
    executenb(
  File "/home/dariusbarsony/anaconda3/envs/cue/lib/python3.9/site-packages/nbclient/client.py", line 1204, in execute
    return NotebookClient(nb=nb, resources=resources, km=km, **kwargs).execute()
  File "/home/dariusbarsony/anaconda3/envs/cue/lib/python3.9/site-packages/nbclient/util.py", line 84, in wrapped
    return just_run(coro(*args, **kwargs))
  File "/home/dariusbarsony/anaconda3/envs/cue/lib/python3.9/site-packages/nbclient/util.py", line 62, in just_run
    return loop.run_until_complete(coro)
  File "/home/dariusbarsony/anaconda3/envs/cue/lib/python3.9/asyncio/base_events.py", line 647, in run_until_complete
    return future.result()
  File "/home/dariusbarsony/anaconda3/envs/cue/lib/python3.9/site-packages/nbclient/client.py", line 663, in async_execute
    await self.async_execute_cell(
  File "/home/dariusbarsony/anaconda3/envs/cue/lib/python3.9/site-packages/nbclient/client.py", line 965, in async_execute_cell
    await self._check_raise_for_error(cell, cell_index, exec_reply)
  File "/home/dariusbarsony/anaconda3/envs/cue/lib/python3.9/site-packages/nbclient/client.py", line 862, in _check_raise_for_error
    raise CellExecutionError.from_cell_and_msg(cell, exec_reply_content)
nbclient.exceptions.CellExecutionError: An error occurred while executing the following cell:
------------------
import numpy as np
from sklearn.feature_extraction.text import TfidfVectorizer

class ContentBasedRecommender:
    def __init__(self):
        # Initialize the vectorizer and fit it to the item descriptions
        self.vectorizer = TfidfVectorizer()
        self.item_descriptions = [
            "Item 1 description",
            "Item 2 description",
            ...
        ]
        self.vectorizer.fit(self.item_descriptions)
        
    def recommend(self, user_preferences):
        # Transform the user preferences into a feature vector
        user_vector = self.vectorizer.transform([user_preferences])
        
        # Compute the dot product between the user vector and the item vectors
        item_vectors = self.vectorizer.transform(self.item_descriptions)
        scores = np.dot(user_vector, item_vectors.T).flatten()
        
        # Rank the items by score and return the top N recommendations
        top_n = 10
        recommendations = np.argpartition(-scores, top_n)[:top_n]
        return recommendations

# Example usage
recommender = ContentBasedRecommender()
user_preferences = "Text describing the user's preferences"
recommendations = recommender.recommend(user_preferences)
print(recommendations)  # Outputs: array of indices of the top N recommendations

------------------

[0;31m---------------------------------------------------------------------------[0m
[0;31mModuleNotFoundError[0m                       Traceback (most recent call last)
Input [0;32mIn [1][0m, in [0;36m<cell line: 2>[0;34m()[0m
[1;32m      1[0m [38;5;28;01mimport[39;00m [38;5;21;01mnumpy[39;00m [38;5;28;01mas[39;00m [38;5;21;01mnp[39;00m
[0;32m----> 2[0m [38;5;28;01mfrom[39;00m [38;5;21;01msklearn[39;00m[38;5;21;01m.[39;00m[38;5;21;01mfeature_extraction[39;00m[38;5;21;01m.[39;00m[38;5;21;01mtext[39;00m [38;5;28;01mimport[39;00m TfidfVectorizer
[1;32m      4[0m [38;5;28;01mclass[39;00m [38;5;21;01mContentBasedRecommender[39;00m:
[1;32m      5[0m     [38;5;28;01mdef[39;00m [38;5;21m__init__[39m([38;5;28mself[39m):
[1;32m      6[0m         [38;5;66;03m# Initialize the vectorizer and fit it to the item descriptions[39;00m

[0;31mModuleNotFoundError[0m: No module named 'sklearn'
ModuleNotFoundError: No module named 'sklearn'

